<?xml version="1.0" encoding="UTF-8"?>
<testsuite xmlns:xsi="http://www.w3.org/2001/XMLSchema-instance" xsi:noNamespaceSchemaLocation="https://maven.apache.org/surefire/maven-surefire-plugin/xsd/surefire-test-report-3.0.xsd" version="3.0" name="rompecabezas.mundo.FiguraTest" time="0.062" tests="10" errors="0" skipped="0" failures="0">
  <properties>
[...]
</properties>
  <testcase name="testOrdenarPorColumnas" classname="rompecabezas.mundo.FiguraTest" time="0.002"/>
  <testcase name="testOrdenarPorPosicion" classname="rompecabezas.mundo.FiguraTest" time="0.006"/>
  <testcase name="testOrdenarPorRegion" classname="rompecabezas.mundo.FiguraTest" time="0"/>
  <testcase name="testCompararPorNombre" classname="rompecabezas.mundo.FiguraTest" time="0"/>
  <testcase name="testDesordenar" classname="rompecabezas.mundo.FiguraTest" time="0"/>
  <testcase name="testCompararPorDificultad" classname="rompecabezas.mundo.FiguraTest" time="0"/>
  <testcase name="testCompararPorCategoria" classname="rompecabezas.mundo.FiguraTest" time="0"/>
  <testcase name="testFigura" classname="rompecabezas.mundo.FiguraTest" time="0"/>
  <testcase name="testEstaArmada" classname="rompecabezas.mundo.FiguraTest" time="0.001"/>
  <testcase name="testOrdenarPorFilas" classname="rompecabezas.mundo.FiguraTest" time="0.002"/>
</testsuite>